Flutter crash report.
Please report a bug at https://github.com/flutter/flutter/issues.

## command

flutter run

## exception

StateError: Bad state: cannot prompt without a terminal ui

```
#0      AnsiTerminal.promptForCharInput (package:flutter_tools/src/base/terminal.dart:271:7)
#1      FlutterCommand._readUserInput (package:flutter_tools/src/runner/flutter_command.dart:882:52)
#2      FlutterCommand._chooseOneOfAvailableDevices (package:flutter_tools/src/runner/flutter_command.dart:856:37)
#3      FlutterCommand.findAllTargetDevices (package:flutter_tools/src/runner/flutter_command.dart:844:43)
#4      _rootRunUnary (dart:async/zone.dart:1198:47)
#5      _CustomZone.runUnary (dart:async/zone.dart:1100:19)
#6      _FutureListener.handleValue (dart:async/future_impl.dart:143:18)
#7      Future._propagateToListeners.handleValueCallback (dart:async/future_impl.dart:696:45)
#8      Future._propagateToListeners (dart:async/future_impl.dart:725:32)
#9      Future._completeWithValue (dart:async/future_impl.dart:529:5)
#10     _AsyncAwaitCompleter.complete (dart:async-patch/async_patch.dart:40:15)
#11     _completeOnAsyncReturn (dart:async-patch/async_patch.dart:311:13)
#12     DeviceManager.findTargetDevices (package:flutter_tools/src/device.dart)
#13     _rootRunUnary (dart:async/zone.dart:1198:47)
#14     _CustomZone.runUnary (dart:async/zone.dart:1100:19)
#15     _FutureListener.handleValue (dart:async/future_impl.dart:143:18)
#16     Future._propagateToListeners.handleValueCallback (dart:async/future_impl.dart:696:45)
#17     Future._propagateToListeners (dart:async/future_impl.dart:725:32)
#18     Future._completeWithValue (dart:async/future_impl.dart:529:5)
#19     _AsyncAwaitCompleter.complete (dart:async-patch/async_patch.dart:40:15)
#20     _completeOnAsyncReturn (dart:async-patch/async_patch.dart:311:13)
#21     DeviceManager.getAllConnectedDevices (package:flutter_tools/src/device.dart)
#22     _rootRunUnary (dart:async/zone.dart:1198:47)
#23     _CustomZone.runUnary (dart:async/zone.dart:1100:19)
#24     _FutureListener.handleValue (dart:async/future_impl.dart:143:18)
#25     Future._propagateToListeners.handleValueCallback (dart:async/future_impl.dart:696:45)
#26     Future._propagateToListeners (dart:async/future_impl.dart:725:32)
#27     Future._completeWithValue (dart:async/future_impl.dart:529:5)
#28     Future.wait.<anonymous closure> (dart:async/future.dart:409:22)
#29     _rootRunUnary (dart:async/zone.dart:1198:47)
#30     _CustomZone.runUnary (dart:async/zone.dart:1100:19)
#31     _FutureListener.handleValue (dart:async/future_impl.dart:143:18)
#32     Future._propagateToListeners.handleValueCallback (dart:async/future_impl.dart:696:45)
#33     Future._propagateToListeners (dart:async/future_impl.dart:725:32)
#34     Future._completeWithValue (dart:async/future_impl.dart:529:5)
#35     Future._asyncCompleteWithValue.<anonymous closure> (dart:async/future_impl.dart:567:7)
#36     _rootRun (dart:async/zone.dart:1190:13)
#37     _CustomZone.run (dart:async/zone.dart:1093:19)
#38     _CustomZone.runGuarded (dart:async/zone.dart:997:7)
#39     _CustomZone.bindCallbackGuarded.<anonymous closure> (dart:async/zone.dart:1037:23)
#40     _microtaskLoop (dart:async/schedule_microtask.dart:41:21)
#41     _startMicrotaskLoop (dart:async/schedule_microtask.dart:50:5)
#42     _runPendingImmediateCallback (dart:isolate-patch/isolate_patch.dart:118:13)
#43     _RawReceivePortImpl._handleMessage (dart:isolate-patch/isolate_patch.dart:169:5)
```

## flutter doctor

```
[✓] Flutter (Channel master, 1.19.0-2.0.pre.24, on Linux, locale en_US.UTF-8)
    • Flutter version 1.19.0-2.0.pre.24 at /home/natanportilho/Documents/Projects/flutter
    • Framework revision 4fb99e0e8c (16 hours ago), 2020-05-13 19:29:33 -0300
    • Engine revision ada8a0fd64
    • Dart version 2.9.0 (build 2.9.0-8.0.dev a6d06b59ec)

[!] Android toolchain - develop for Android devices (Android SDK version 29.0.2)
    • Android SDK at /home/natanportilho/Android/Sdk
    • Platform android-29, build-tools 29.0.2
    • Java binary at: /home/natanportilho/Documents/Software/android-studio/jre/bin/java
    • Java version OpenJDK Runtime Environment (build 1.8.0_202-release-1483-b49-5587405)
    ! Some Android licenses not accepted.  To resolve this, run: flutter doctor --android-licenses

[✓] Chrome - develop for the web
    • Chrome at google-chrome

[!] Android Studio (version 3.5)
    • Android Studio at /home/natanportilho/Documents/Software/android-studio
    ✗ Flutter plugin not installed; this adds Flutter specific functionality.
    ✗ Dart plugin not installed; this adds Dart specific functionality.
    • Java version OpenJDK Runtime Environment (build 1.8.0_202-release-1483-b49-5587405)

[✓] VS Code (version 1.45.0)
    • VS Code at /usr/share/code
    • Flutter extension version 3.10.1

[✓] Connected device (4 available)
    • Android SDK built for x86 • emulator-5554 • android-x86    • Android 10 (API 29) (emulator)
    • Android SDK built for x86 • emulator-5556 • android-x86    • Android 10 (API 29) (emulator)
    • Web Server                • web-server    • web-javascript • Flutter Tools
    • Chrome                    • chrome        • web-javascript • Google Chrome 81.0.4044.138

! Doctor found issues in 2 categories.
```
