Flutter crash report.
Please report a bug at https://github.com/flutter/flutter/issues.

## command

flutter run

## exception

NoSuchMethodError: NoSuchMethodError: The getter 'id' was called on null.
Receiver: null
Tried calling: id

```
#0      Object.noSuchMethod (dart:core-patch/object_patch.dart:51:5)
#1      FlutterCommand.findAllTargetDevices (package:flutter_tools/src/runner/flutter_command.dart:841:56)
#2      _rootRunUnary (dart:async/zone.dart:1198:47)
#3      _CustomZone.runUnary (dart:async/zone.dart:1100:19)
#4      _FutureListener.handleValue (dart:async/future_impl.dart:143:18)
#5      Future._propagateToListeners.handleValueCallback (dart:async/future_impl.dart:696:45)
#6      Future._propagateToListeners (dart:async/future_impl.dart:725:32)
#7      Future._completeWithValue (dart:async/future_impl.dart:529:5)
#8      _AsyncAwaitCompleter.complete (dart:async-patch/async_patch.dart:40:15)
#9      _completeOnAsyncReturn (dart:async-patch/async_patch.dart:311:13)
#10     DeviceManager.findTargetDevices (package:flutter_tools/src/device.dart)
#11     _rootRunUnary (dart:async/zone.dart:1198:47)
#12     _CustomZone.runUnary (dart:async/zone.dart:1100:19)
#13     _FutureListener.handleValue (dart:async/future_impl.dart:143:18)
#14     Future._propagateToListeners.handleValueCallback (dart:async/future_impl.dart:696:45)
#15     Future._propagateToListeners (dart:async/future_impl.dart:725:32)
#16     Future._completeWithValue (dart:async/future_impl.dart:529:5)
#17     _AsyncAwaitCompleter.complete (dart:async-patch/async_patch.dart:40:15)
#18     _completeOnAsyncReturn (dart:async-patch/async_patch.dart:311:13)
#19     DeviceManager.getAllConnectedDevices (package:flutter_tools/src/device.dart)
#20     _rootRunUnary (dart:async/zone.dart:1198:47)
#21     _CustomZone.runUnary (dart:async/zone.dart:1100:19)
#22     _FutureListener.handleValue (dart:async/future_impl.dart:143:18)
#23     Future._propagateToListeners.handleValueCallback (dart:async/future_impl.dart:696:45)
#24     Future._propagateToListeners (dart:async/future_impl.dart:725:32)
#25     Future._completeWithValue (dart:async/future_impl.dart:529:5)
#26     Future.wait.<anonymous closure> (dart:async/future.dart:409:22)
#27     _rootRunUnary (dart:async/zone.dart:1198:47)
#28     _CustomZone.runUnary (dart:async/zone.dart:1100:19)
#29     _FutureListener.handleValue (dart:async/future_impl.dart:143:18)
#30     Future._propagateToListeners.handleValueCallback (dart:async/future_impl.dart:696:45)
#31     Future._propagateToListeners (dart:async/future_impl.dart:725:32)
#32     Future._completeWithValue (dart:async/future_impl.dart:529:5)
#33     Future._asyncCompleteWithValue.<anonymous closure> (dart:async/future_impl.dart:567:7)
#34     _rootRun (dart:async/zone.dart:1190:13)
#35     _CustomZone.run (dart:async/zone.dart:1093:19)
#36     _CustomZone.runGuarded (dart:async/zone.dart:997:7)
#37     _CustomZone.bindCallbackGuarded.<anonymous closure> (dart:async/zone.dart:1037:23)
#38     _microtaskLoop (dart:async/schedule_microtask.dart:41:21)
#39     _startMicrotaskLoop (dart:async/schedule_microtask.dart:50:5)
#40     _runPendingImmediateCallback (dart:isolate-patch/isolate_patch.dart:118:13)
#41     _RawReceivePortImpl._handleMessage (dart:isolate-patch/isolate_patch.dart:169:5)
```

## flutter doctor

```
[✓] Flutter (Channel master, 1.19.0-2.0.pre.16, on Linux,
    locale en_US.UTF-8)
    • Flutter version 1.19.0-2.0.pre.16 at
      /home/natanportilho/Documents/Projects/flutter
    • Framework revision 3c5bc70940 (18 hours ago),
      2020-05-12 22:59:23 -0300
    • Engine revision ada8a0fd64
    • Dart version 2.9.0 (build 2.9.0-8.0.dev a6d06b59ec)

[!] Android toolchain - develop for Android devices
    (Android SDK version 29.0.2)
    • Android SDK at /home/natanportilho/Android/Sdk
    • Platform android-29, build-tools 29.0.2
    • Java binary at:
      /home/natanportilho/Documents/Software/android-stud
      io/jre/bin/java
    • Java version OpenJDK Runtime Environment (build
      1.8.0_202-release-1483-b49-5587405)
    ! Some Android licenses not accepted.  To resolve
      this, run: flutter doctor --android-licenses

[✓] Chrome - develop for the web
    • Chrome at google-chrome

[!] Android Studio (version 3.5)
    • Android Studio at
      /home/natanportilho/Documents/Software/android-stud
      io
    ✗ Flutter plugin not installed; this adds Flutter
      specific functionality.
    ✗ Dart plugin not installed; this adds Dart specific
      functionality.
    • Java version OpenJDK Runtime Environment (build
      1.8.0_202-release-1483-b49-5587405)

[✓] VS Code (version 1.45.0)
    • VS Code at /usr/share/code
    • Flutter extension version 3.10.1

[✓] Connected device (4 available)
    • Android SDK built for x86 • emulator-5554 •
      android-x86    • Android 10 (API 29) (emulator)
    • Android SDK built for x86 • emulator-5556 •
      android-x86    • Android 10 (API 29) (emulator)
    • Web Server                • web-server    •
      web-javascript • Flutter Tools
    • Chrome                    • chrome        •
      web-javascript • Google Chrome 81.0.4044.138

! Doctor found issues in 2 categories.
```
