Flutter crash report.
Please report a bug at https://github.com/flutter/flutter/issues.

## command

flutter run

## exception

NoSuchMethodError: NoSuchMethodError: The getter 'id' was called on null.
Receiver: null
Tried calling: id

```
#0      Object.noSuchMethod (dart:core-patch/object_patch.dart:51:5)
#1      FlutterCommand.findAllTargetDevices (package:flutter_tools/src/runner/flutter_command.dart:838:52)
<asynchronous suspension>
#2      RunCommand.validateCommand (package:flutter_tools/src/commands/run.dart:332:21)
<asynchronous suspension>
#3      FlutterCommand.verifyThenRunCommand (package:flutter_tools/src/runner/flutter_command.dart:777:11)
<asynchronous suspension>
#4      FlutterCommand.run.<anonymous closure> (package:flutter_tools/src/runner/flutter_command.dart:694:33)
<asynchronous suspension>
#5      FlutterCommand.run.<anonymous closure> (package:flutter_tools/src/runner/flutter_command.dart)
#6      AppContext.run.<anonymous closure> (package:flutter_tools/src/base/context.dart:150:29)
#7      _rootRun (dart:async/zone.dart:1190:13)
#8      _CustomZone.run (dart:async/zone.dart:1093:19)
#9      _runZoned (dart:async/zone.dart:1630:10)
#10     runZoned (dart:async/zone.dart:1550:10)
#11     AppContext.run (package:flutter_tools/src/base/context.dart:149:18)
#12     FlutterCommand.run (package:flutter_tools/src/runner/flutter_command.dart:684:20)
#13     CommandRunner.runCommand (package:args/command_runner.dart:197:27)
#14     FlutterCommandRunner.runCommand.<anonymous closure> (package:flutter_tools/src/runner/flutter_command_runner.dart:339:21)
<asynchronous suspension>
#15     FlutterCommandRunner.runCommand.<anonymous closure> (package:flutter_tools/src/runner/flutter_command_runner.dart)
#16     AppContext.run.<anonymous closure> (package:flutter_tools/src/base/context.dart:150:29)
#17     _rootRun (dart:async/zone.dart:1190:13)
#18     _CustomZone.run (dart:async/zone.dart:1093:19)
#19     _runZoned (dart:async/zone.dart:1630:10)
#20     runZoned (dart:async/zone.dart:1550:10)
#21     AppContext.run (package:flutter_tools/src/base/context.dart:149:18)
#22     FlutterCommandRunner.runCommand (package:flutter_tools/src/runner/flutter_command_runner.dart:289:19)
<asynchronous suspension>
#23     CommandRunner.run.<anonymous closure> (package:args/command_runner.dart:112:25)
#24     new Future.sync (dart:async/future.dart:222:31)
#25     CommandRunner.run (package:args/command_runner.dart:112:14)
#26     FlutterCommandRunner.run (package:flutter_tools/src/runner/flutter_command_runner.dart:232:18)
#27     run.<anonymous closure>.<anonymous closure> (package:flutter_tools/runner.dart:61:22)
#28     _rootRun (dart:async/zone.dart:1190:13)
#29     _CustomZone.run (dart:async/zone.dart:1093:19)
#30     _runZoned (dart:async/zone.dart:1630:10)
#31     runZonedGuarded (dart:async/zone.dart:1618:12)
#32     runZoned (dart:async/zone.dart:1547:12)
#33     run.<anonymous closure> (package:flutter_tools/runner.dart:59:18)
<asynchronous suspension>
#34     run.<anonymous closure> (package:flutter_tools/runner.dart)
#35     runInContext.runnerWrapper (package:flutter_tools/src/context_runner.dart:63:18)
<asynchronous suspension>
#36     runInContext.runnerWrapper (package:flutter_tools/src/context_runner.dart)
#37     AppContext.run.<anonymous closure> (package:flutter_tools/src/base/context.dart:150:29)
#38     _rootRun (dart:async/zone.dart:1190:13)
#39     _CustomZone.run (dart:async/zone.dart:1093:19)
#40     _runZoned (dart:async/zone.dart:1630:10)
#41     runZoned (dart:async/zone.dart:1550:10)
#42     AppContext.run (package:flutter_tools/src/base/context.dart:149:18)
#43     runInContext (package:flutter_tools/src/context_runner.dart:66:24)
#44     run (package:flutter_tools/runner.dart:46:10)
#45     main (package:flutter_tools/executable.dart:68:9)
#46     main (file:///home/natanportilho/Documents/Projects/flutter/packages/flutter_tools/bin/flutter_tools.dart:8:3)
#47     _startIsolate.<anonymous closure> (dart:isolate-patch/isolate_patch.dart:299:32)
#48     _RawReceivePortImpl._handleMessage (dart:isolate-patch/isolate_patch.dart:168:12)
```

## flutter doctor

```
[✓] Flutter (Channel master, 1.19.0-2.0.pre.26, on Linux, locale en_US.UTF-8)
    • Flutter version 1.19.0-2.0.pre.26 at /home/natanportilho/Documents/Projects/flutter
    • Framework revision 227922568d (14 minutes ago), 2020-05-14 11:55:43 -0300
    • Engine revision ada8a0fd64
    • Dart version 2.9.0 (build 2.9.0-8.0.dev a6d06b59ec)

[!] Android toolchain - develop for Android devices (Android SDK version 29.0.2)
    • Android SDK at /home/natanportilho/Android/Sdk
    • Platform android-29, build-tools 29.0.2
    • Java binary at: /home/natanportilho/Documents/Software/android-studio/jre/bin/java
    • Java version OpenJDK Runtime Environment (build 1.8.0_202-release-1483-b49-5587405)
    ! Some Android licenses not accepted.  To resolve this, run: flutter doctor --android-licenses

[✓] Chrome - develop for the web
    • Chrome at google-chrome

[!] Android Studio (version 3.5)
    • Android Studio at /home/natanportilho/Documents/Software/android-studio
    ✗ Flutter plugin not installed; this adds Flutter specific functionality.
    ✗ Dart plugin not installed; this adds Dart specific functionality.
    • Java version OpenJDK Runtime Environment (build 1.8.0_202-release-1483-b49-5587405)

[✓] VS Code (version 1.45.0)
    • VS Code at /usr/share/code
    • Flutter extension version 3.10.1

[✓] Connected device (4 available)
    • Android SDK built for x86 • emulator-5554 • android-x86    • Android 10 (API 29) (emulator)
    • Android SDK built for x86 • emulator-5556 • android-x86    • Android 10 (API 29) (emulator)
    • Web Server                • web-server    • web-javascript • Flutter Tools
    • Chrome                    • chrome        • web-javascript • Google Chrome 81.0.4044.138

! Doctor found issues in 2 categories.
```
