Flutter crash report.
Please report a bug at https://github.com/flutter/flutter/issues.

## command

flutter run

## exception

_CastError: type 'Future<Device>' is not a subtype of type 'Device' in type cast

```
#0      FlutterCommand.findAllTargetDevices (package:flutter_tools/src/runner/flutter_command.dart:844:75)
#1      _rootRunUnary (dart:async/zone.dart:1198:47)
#2      _CustomZone.runUnary (dart:async/zone.dart:1100:19)
#3      _FutureListener.handleValue (dart:async/future_impl.dart:143:18)
#4      Future._propagateToListeners.handleValueCallback (dart:async/future_impl.dart:696:45)
#5      Future._propagateToListeners (dart:async/future_impl.dart:725:32)
#6      Future._completeWithValue (dart:async/future_impl.dart:529:5)
#7      _AsyncAwaitCompleter.complete (dart:async-patch/async_patch.dart:40:15)
#8      _completeOnAsyncReturn (dart:async-patch/async_patch.dart:311:13)
#9      DeviceManager.findTargetDevices (package:flutter_tools/src/device.dart)
#10     _rootRunUnary (dart:async/zone.dart:1198:47)
#11     _CustomZone.runUnary (dart:async/zone.dart:1100:19)
#12     _FutureListener.handleValue (dart:async/future_impl.dart:143:18)
#13     Future._propagateToListeners.handleValueCallback (dart:async/future_impl.dart:696:45)
#14     Future._propagateToListeners (dart:async/future_impl.dart:725:32)
#15     Future._completeWithValue (dart:async/future_impl.dart:529:5)
#16     _AsyncAwaitCompleter.complete (dart:async-patch/async_patch.dart:40:15)
#17     _completeOnAsyncReturn (dart:async-patch/async_patch.dart:311:13)
#18     DeviceManager.getAllConnectedDevices (package:flutter_tools/src/device.dart)
#19     _rootRunUnary (dart:async/zone.dart:1198:47)
#20     _CustomZone.runUnary (dart:async/zone.dart:1100:19)
#21     _FutureListener.handleValue (dart:async/future_impl.dart:143:18)
#22     Future._propagateToListeners.handleValueCallback (dart:async/future_impl.dart:696:45)
#23     Future._propagateToListeners (dart:async/future_impl.dart:725:32)
#24     Future._completeWithValue (dart:async/future_impl.dart:529:5)
#25     Future.wait.<anonymous closure> (dart:async/future.dart:409:22)
#26     _rootRunUnary (dart:async/zone.dart:1198:47)
#27     _CustomZone.runUnary (dart:async/zone.dart:1100:19)
#28     _FutureListener.handleValue (dart:async/future_impl.dart:143:18)
#29     Future._propagateToListeners.handleValueCallback (dart:async/future_impl.dart:696:45)
#30     Future._propagateToListeners (dart:async/future_impl.dart:725:32)
#31     Future._completeWithValue (dart:async/future_impl.dart:529:5)
#32     Future._asyncCompleteWithValue.<anonymous closure> (dart:async/future_impl.dart:567:7)
#33     _rootRun (dart:async/zone.dart:1190:13)
#34     _CustomZone.run (dart:async/zone.dart:1093:19)
#35     _CustomZone.runGuarded (dart:async/zone.dart:997:7)
#36     _CustomZone.bindCallbackGuarded.<anonymous closure> (dart:async/zone.dart:1037:23)
#37     _microtaskLoop (dart:async/schedule_microtask.dart:41:21)
#38     _startMicrotaskLoop (dart:async/schedule_microtask.dart:50:5)
#39     _runPendingImmediateCallback (dart:isolate-patch/isolate_patch.dart:118:13)
#40     _RawReceivePortImpl._handleMessage (dart:isolate-patch/isolate_patch.dart:169:5)
```

## flutter doctor

```
[✓] Flutter (Channel master, 1.19.0-2.0.pre.24, on Linux, locale en_US.UTF-8)
    • Flutter version 1.19.0-2.0.pre.24 at /home/natanportilho/Documents/Projects/flutter
    • Framework revision 4fb99e0e8c (15 hours ago), 2020-05-13 19:29:33 -0300
    • Engine revision ada8a0fd64
    • Dart version 2.9.0 (build 2.9.0-8.0.dev a6d06b59ec)

[!] Android toolchain - develop for Android devices (Android SDK version 29.0.2)
    • Android SDK at /home/natanportilho/Android/Sdk
    • Platform android-29, build-tools 29.0.2
    • Java binary at: /home/natanportilho/Documents/Software/android-studio/jre/bin/java
    • Java version OpenJDK Runtime Environment (build 1.8.0_202-release-1483-b49-5587405)
    ! Some Android licenses not accepted.  To resolve this, run: flutter doctor --android-licenses

[✓] Chrome - develop for the web
    • Chrome at google-chrome

[!] Android Studio (version 3.5)
    • Android Studio at /home/natanportilho/Documents/Software/android-studio
    ✗ Flutter plugin not installed; this adds Flutter specific functionality.
    ✗ Dart plugin not installed; this adds Dart specific functionality.
    • Java version OpenJDK Runtime Environment (build 1.8.0_202-release-1483-b49-5587405)

[✓] VS Code (version 1.45.0)
    • VS Code at /usr/share/code
    • Flutter extension version 3.10.1

[✓] Connected device (4 available)
    • Android SDK built for x86 • emulator-5554 • android-x86    • Android 10 (API 29) (emulator)
    • Android SDK built for x86 • emulator-5556 • android-x86    • Android 10 (API 29) (emulator)
    • Web Server                • web-server    • web-javascript • Flutter Tools
    • Chrome                    • chrome        • web-javascript • Google Chrome 81.0.4044.138

! Doctor found issues in 2 categories.
```
